<?xml version="1.0" encoding="UTF-8"?>
<!-- Generated by org.testng.reporters.JUnitReportReporter -->
<testsuite skipped="0" hostname="LVAGPLTP2388" name="ReadJsonObject" tests="1" failures="0" timestamp="13 Aug 2018 13:42:20 GMT" time="4.374" errors="0">
  <testcase name="test" time="4.374" classname="ReadJsonObject"/>
</testsuite> <!-- ReadJsonObject -->
